<?xml version="1.0" encoding="UTF-8"?>
<testsuite name="com.example.holamundo.HolamundoApplicationTests" tests="1" skipped="0" failures="0" errors="0" timestamp="2025-12-05T06:53:17.625Z" hostname="cs-618159556941-default" time="1.186">
  <properties/>
  <testcase name="contextLoads()" classname="com.example.holamundo.HolamundoApplicationTests" time="1.186"/>
  <system-out><![CDATA[06:53:15.285 [Test worker] INFO org.springframework.test.context.support.AnnotationConfigContextLoaderUtils -- Could not detect default configuration classes for test class [com.example.holamundo.HolamundoApplicationTests]: HolamundoApplicationTests does not declare any static, non-private, non-final, nested classes annotated with @Configuration.
06:53:15.494 [Test worker] INFO org.springframework.boot.test.context.SpringBootTestContextBootstrapper -- Found @SpringBootConfiguration com.example.holamundo.HolamundoApplication for test class com.example.holamundo.HolamundoApplicationTests

  .   ____          _            __ _ _
 /\\ / ___'_ __ _ _(_)_ __  __ _ \ \ \ \
( ( )\___ | '_ | '_| | '_ \/ _` | \ \ \ \
 \\/  ___)| |_)| | | | | || (_| |  ) ) ) )
  '  |____| .__|_| |_|_| |_\__, | / / / /
 =========|_|==============|___/=/_/_/_/

 :: Spring Boot ::                (v4.0.0)

2025-12-05T06:53:16.117Z  INFO 3484 --- [holamundo] [    Test worker] c.e.holamundo.HolamundoApplicationTests  : Starting HolamundoApplicationTests using Java 17.0.17 with PID 3484 (started by akanama25 in /home/akanama25/holamundo)
2025-12-05T06:53:16.121Z  INFO 3484 --- [holamundo] [    Test worker] c.e.holamundo.HolamundoApplicationTests  : No active profile set, falling back to 1 default profile: "default"
2025-12-05T06:53:17.605Z  INFO 3484 --- [holamundo] [    Test worker] c.e.holamundo.HolamundoApplicationTests  : Started HolamundoApplicationTests in 1.907 seconds (process running for 3.958)
]]></system-out>
  <system-err><![CDATA[]]></system-err>
</testsuite>
